<?xml version="1.0" encoding="UTF-8"?>
<testsuite name="com.app.server.service.GenderTestCase" tests="4" skipped="0" failures="0" errors="0" timestamp="2015-12-21T06:32:11" hostname="98afd1a1c393" time="0.164">
  <properties/>
  <testcase name="test1Save" classname="com.app.server.service.GenderTestCase" time="0.074"/>
  <testcase name="test2Update" classname="com.app.server.service.GenderTestCase" time="0.049"/>
  <testcase name="test3FindById" classname="com.app.server.service.GenderTestCase" time="0.006"/>
  <testcase name="test4Delete" classname="com.app.server.service.GenderTestCase" time="0.034"/>
  <system-out><![CDATA[Setting logged in user info for ADD
In around repository aspect
[EL Fine]: sql: 2015-12-21 06:32:11.047--ClientSession(813750057)--Connection(574407986)--Thread(Thread[Test worker,5,main])--INSERT INTO ast_Gender_M (genderId, gender, versionId, createdBy, createdDate, updatedBy, updatedDate, activeStatus, txnAccessCode) VALUES (?, ?, ?, ?, ?, ?, ?, ?, ?)
	bind => [DBC666E1-2380-4AD8-95DE-0F6AB8A2B62C, NUosu9OSEoe0hd8FeWpke3Hd0sGQwrS8VA1vp46sHUZLq7TzQb, 1, AAAAA, 2015-12-21 12:02:11.038, null, 2015-12-21 12:02:11.038, 1, null]
In around repository aspect
[EL Fine]: sql: 2015-12-21 06:32:11.1--ClientSession(1409796851)--Connection(574407986)--Thread(Thread[Test worker,5,main])--SELECT genderId, gender, versionId, createdBy, createdDate, updatedBy, updatedDate, activeStatus, txnAccessCode FROM ast_Gender_M WHERE ((activeStatus = ?) AND (genderId = ?))
	bind => [1, DBC666E1-2380-4AD8-95DE-0F6AB8A2B62C]
Setting logged in user info for UPDATE
In around repository aspect
[EL Fine]: sql: 2015-12-21 06:32:11.104--ClientSession(423401853)--Connection(574407986)--Thread(Thread[Test worker,5,main])--SELECT genderId, gender, versionId, createdBy, createdDate, updatedBy, updatedDate, activeStatus, txnAccessCode FROM ast_Gender_M WHERE (genderId = ?)
	bind => [DBC666E1-2380-4AD8-95DE-0F6AB8A2B62C]
[EL Fine]: sql: 2015-12-21 06:32:11.106--ClientSession(423401853)--Connection(574407986)--Thread(Thread[Test worker,5,main])--UPDATE ast_Gender_M SET gender = ?, updatedBy = ?, versionId = ? WHERE ((genderId = ?) AND (versionId = ?))
	bind => [3Nzjl12QeWhAb1Rod0AobQrtWtPWqVi6LUjKDmhEWYHL8SXVYa, AAAAA, 2, DBC666E1-2380-4AD8-95DE-0F6AB8A2B62C, 1]
In around repository aspect
[EL Fine]: sql: 2015-12-21 06:32:11.147--ClientSession(2144956808)--Connection(574407986)--Thread(Thread[Test worker,5,main])--SELECT genderId, gender, versionId, createdBy, createdDate, updatedBy, updatedDate, activeStatus, txnAccessCode FROM ast_Gender_M WHERE ((activeStatus = ?) AND (genderId = ?))
	bind => [1, DBC666E1-2380-4AD8-95DE-0F6AB8A2B62C]
In around repository aspect
[EL Fine]: sql: 2015-12-21 06:32:11.155--ClientSession(1918074779)--Connection(574407986)--Thread(Thread[Test worker,5,main])--SELECT genderId, gender, versionId, createdBy, createdDate, updatedBy, updatedDate, activeStatus, txnAccessCode FROM ast_Gender_M WHERE (genderId = ?)
	bind => [DBC666E1-2380-4AD8-95DE-0F6AB8A2B62C]
[EL Fine]: sql: 2015-12-21 06:32:11.156--ClientSession(1918074779)--Connection(574407986)--Thread(Thread[Test worker,5,main])--DELETE FROM ast_Gender_M WHERE ((genderId = ?) AND (versionId = ?))
	bind => [DBC666E1-2380-4AD8-95DE-0F6AB8A2B62C, 2]
]]></system-out>
  <system-err><![CDATA[]]></system-err>
</testsuite>
