<?xml version="1.0" encoding="UTF-8"?>
<testsuite name="com.app.server.service.PasswordAlgoTestCase" tests="4" skipped="0" failures="0" errors="0" timestamp="2015-12-21T06:32:02" hostname="98afd1a1c393" time="0.295">
  <properties/>
  <testcase name="test1Save" classname="com.app.server.service.PasswordAlgoTestCase" time="0.186"/>
  <testcase name="test2Update" classname="com.app.server.service.PasswordAlgoTestCase" time="0.058"/>
  <testcase name="test3FindById" classname="com.app.server.service.PasswordAlgoTestCase" time="0.009"/>
  <testcase name="test4Delete" classname="com.app.server.service.PasswordAlgoTestCase" time="0.041"/>
  <system-out><![CDATA[Setting logged in user info for ADD
In around repository aspect
[EL Fine]: sql: 2015-12-21 06:32:02.182--ClientSession(337618258)--Connection(574407986)--Thread(Thread[Test worker,5,main])--INSERT INTO ast_PasswordAlgo_M (algoId, algoDescription, algoHelp, algoIcon, algoName, algorithm, versionId, createdBy, createdDate, updatedBy, updatedDate, activeStatus, txnAccessCode) VALUES (?, ?, ?, ?, ?, ?, ?, ?, ?, ?, ?, ?, ?)
	bind => [9B50BBC8-D18D-43F6-8D27-603CF6C4DF76, UHEDGe6V3gu7k7A2EN9jKhuheiKIH22PeUpJZaR1ih9GH6iBFd, EV2Sx65vgUpSmmM4xgYmayvNTRuu1EqtY7p87H5Ol5ry9WzYgY, HIq320WsWSUro3NbypsDiMzKyFcq17czHqx13oE6s0WppbOHsL, SEuvirP3y18rCD4aedcUoEJUNo305dZW1NaJGo0CjOKm0KwxKe, 3, 1, AAAAA, 2015-12-21 12:02:02.119, null, 2015-12-21 12:02:02.119, 1, null]
In around repository aspect
[EL Fine]: sql: 2015-12-21 06:32:02.296--ClientSession(1700461023)--Connection(574407986)--Thread(Thread[Test worker,5,main])--SELECT algoId, algoDescription, algoHelp, algoIcon, algoName, algorithm, versionId, createdBy, createdDate, updatedBy, updatedDate, activeStatus, txnAccessCode FROM ast_PasswordAlgo_M WHERE ((activeStatus = ?) AND (algoId = ?))
	bind => [1, 9B50BBC8-D18D-43F6-8D27-603CF6C4DF76]
Setting logged in user info for UPDATE
In around repository aspect
[EL Fine]: sql: 2015-12-21 06:32:02.3--ClientSession(1378702365)--Connection(574407986)--Thread(Thread[Test worker,5,main])--SELECT algoId, algoDescription, algoHelp, algoIcon, algoName, algorithm, versionId, createdBy, createdDate, updatedBy, updatedDate, activeStatus, txnAccessCode FROM ast_PasswordAlgo_M WHERE (algoId = ?)
	bind => [9B50BBC8-D18D-43F6-8D27-603CF6C4DF76]
[EL Fine]: sql: 2015-12-21 06:32:02.303--ClientSession(1378702365)--Connection(574407986)--Thread(Thread[Test worker,5,main])--UPDATE ast_PasswordAlgo_M SET algoDescription = ?, algoHelp = ?, algoIcon = ?, algoName = ?, algorithm = ?, updatedBy = ?, versionId = ? WHERE ((algoId = ?) AND (versionId = ?))
	bind => [W5UQSry5Q5MBEddnHd93wQmibCKMmtbXLzItUy8QT1tLKRqFXB, xnaHmYowfROwnzAGM2gbJOmPOX2XsRFuSsVPC8F5bHPsNG890J, um6E46lrHHppVyhhSLRp05gr52VN6ohD9SCDui46upF0Iv6sJk, jdLwYQlDD4H6maKKx8xOekdxbhsMeEHKe9uR2qkUyejyhiU9ci, 0, AAAAA, 2, 9B50BBC8-D18D-43F6-8D27-603CF6C4DF76, 1]
In around repository aspect
[EL Fine]: sql: 2015-12-21 06:32:02.354--ClientSession(1608208871)--Connection(574407986)--Thread(Thread[Test worker,5,main])--SELECT algoId, algoDescription, algoHelp, algoIcon, algoName, algorithm, versionId, createdBy, createdDate, updatedBy, updatedDate, activeStatus, txnAccessCode FROM ast_PasswordAlgo_M WHERE ((activeStatus = ?) AND (algoId = ?))
	bind => [1, 9B50BBC8-D18D-43F6-8D27-603CF6C4DF76]
In around repository aspect
[EL Fine]: sql: 2015-12-21 06:32:02.362--ClientSession(1802718004)--Connection(574407986)--Thread(Thread[Test worker,5,main])--SELECT algoId, algoDescription, algoHelp, algoIcon, algoName, algorithm, versionId, createdBy, createdDate, updatedBy, updatedDate, activeStatus, txnAccessCode FROM ast_PasswordAlgo_M WHERE (algoId = ?)
	bind => [9B50BBC8-D18D-43F6-8D27-603CF6C4DF76]
[EL Fine]: sql: 2015-12-21 06:32:02.364--ClientSession(1802718004)--Connection(574407986)--Thread(Thread[Test worker,5,main])--DELETE FROM ast_PasswordAlgo_M WHERE ((algoId = ?) AND (versionId = ?))
	bind => [9B50BBC8-D18D-43F6-8D27-603CF6C4DF76, 2]
]]></system-out>
  <system-err><![CDATA[]]></system-err>
</testsuite>
